[    0.000000] Linux version 4.15.0-212-generic (buildd@lcy02-amd64-083) (gcc version 7.5.0 (Ubuntu 7.5.0-3ubuntu1~18.04)) #223-Ubuntu SMP Tue May 23 13:09:22 UTC 2023 (Ubuntu 4.15.0-212.223-generic 4.15.18)
[    0.000000] Command line: BOOT_IMAGE=/boot/vmlinuz-4.15.0-212-generic root=LABEL=cloudimg-rootfs ro console=tty1 console=ttyS0
[    0.000000] KERNEL supported cpus:
[    0.000000]   Intel GenuineIntel
[    0.000000]   AMD AuthenticAMD
[    0.000000]   Centaur CentaurHauls
[    0.000000] x86/fpu: x87 FPU will use FXSAVE
[    0.000000] e820: BIOS-provided physical RAM map:
[    0.000000] BIOS-e820: [mem 0x0000000000000000-0x000000000009fbff] usable
[    0.000000] BIOS-e820: [mem 0x000000000009fc00-0x000000000009ffff] reserved
[    0.000000] BIOS-e820: [mem 0x00000000000f0000-0x00000000000fffff] reserved
[    0.000000] BIOS-e820: [mem 0x0000000000100000-0x000000003ffeffff] usable
[    0.000000] BIOS-e820: [mem 0x000000003fff0000-0x000000003fffffff] ACPI data
[    0.000000] BIOS-e820: [mem 0x00000000fec00000-0x00000000fec00fff] reserved
[    0.000000] BIOS-e820: [mem 0x00000000fee00000-0x00000000fee00fff] reserved
[    0.000000] BIOS-e820: [mem 0x00000000fffc0000-0x00000000ffffffff] reserved
[    0.000000] NX (Execute Disable) protection: active
[    0.000000] SMBIOS 2.5 present.
[    0.000000] DMI: innotek GmbH VirtualBox/VirtualBox, BIOS VirtualBox 12/01/2006
[    0.000000] Hypervisor detected: KVM
[    0.000000] e820: last_pfn = 0x3fff0 max_arch_pfn = 0x400000000
[    0.000000] MTRR: Disabled
[    0.000000] x86/PAT: MTRRs disabled, skipping PAT initialization too.
[    0.000000] CPU MTRRs all blank - virtualized system.
[    0.000000] x86/PAT: Configuration [0-7]: WB  WT  UC- UC  WB  WT  UC- UC  
[    0.000000] found SMP MP-table at [mem 0x0009fff0-0x0009ffff]
[    0.000000] Scanning 1 areas for low memory corruption
[    0.000000] RAMDISK: [mem 0x359cb000-0x36cdcfff]
[    0.000000] ACPI: Early table checksum verification disabled
[    0.000000] ACPI: RSDP 0x00000000000E0000 000024 (v02 VBOX  )
[    0.000000] ACPI: XSDT 0x000000003FFF0030 00003C (v01 VBOX   VBOXXSDT 00000001 ASL  00000061)
[    0.000000] ACPI: FACP 0x000000003FFF00F0 0000F4 (v04 VBOX   VBOXFACP 00000001 ASL  00000061)
[    0.000000] ACPI: DSDT 0x000000003FFF0610 002353 (v02 VBOX   VBOXBIOS 00000002 INTL 20100528)
[    0.000000] ACPI: FACS 0x000000003FFF0200 000040
[    0.000000] ACPI: FACS 0x000000003FFF0200 000040
[    0.000000] ACPI: APIC 0x000000003FFF0240 00005C (v02 VBOX   VBOXAPIC 00000001 ASL  00000061)
[    0.000000] ACPI: SSDT 0x000000003FFF02A0 00036C (v01 VBOX   VBOXCPUT 00000002 INTL 20100528)
[    0.000000] ACPI: Reserving FACP table memory at [mem 0x3fff00f0-0x3fff01e3]
[    0.000000] ACPI: Reserving DSDT table memory at [mem 0x3fff0610-0x3fff2962]
[    0.000000] ACPI: Reserving FACS table memory at [mem 0x3fff0200-0x3fff023f]
[    0.000000] ACPI: Reserving FACS table memory at [mem 0x3fff0200-0x3fff023f]
[    0.000000] ACPI: Reserving APIC table memory at [mem 0x3fff0240-0x3fff029b]
[    0.000000] ACPI: Reserving SSDT table memory at [mem 0x3fff02a0-0x3fff060b]
[    0.000000] No NUMA configuration found
[    0.000000] Faking a node at [mem 0x0000000000000000-0x000000003ffeffff]
[    0.000000] NODE_DATA(0) allocated [mem 0x3ffc5000-0x3ffeffff]
[    0.000000] kvm-clock: cpu 0, msr 0:3ff44001, primary cpu clock
[    0.000000] kvm-clock: Using msrs 4b564d01 and 4b564d00
[    0.000000] kvm-clock: using sched offset of 5363075909 cycles
[    0.000000] clocksource: kvm-clock: mask: 0xffffffffffffffff max_cycles: 0x1cd42e4dffb, max_idle_ns: 881590591483 ns
[    0.000000] Zone ranges:
[    0.000000]   DMA      [mem 0x0000000000001000-0x0000000000ffffff]
[    0.000000]   DMA32    [mem 0x0000000001000000-0x000000003ffeffff]
[    0.000000]   Normal   empty
[    0.000000]   Device   empty
[    0.000000] Movable zone start for each node
[    0.000000] Early memory node ranges
[    0.000000]   node   0: [mem 0x0000000000001000-0x000000000009efff]
[    0.000000]   node   0: [mem 0x0000000000100000-0x000000003ffeffff]
[    0.000000] Reserved but unavailable: 104 pages
[    0.000000] Initmem setup node 0 [mem 0x0000000000001000-0x000000003ffeffff]
[    0.000000] ACPI: PM-Timer IO Port: 0x4008
[    0.000000] IOAPIC[0]: apic_id 2, version 32, address 0xfec00000, GSI 0-23
[    0.000000] ACPI: INT_SRC_OVR (bus 0 bus_irq 0 global_irq 2 dfl dfl)
[    0.000000] ACPI: INT_SRC_OVR (bus 0 bus_irq 9 global_irq 9 low level)
[    0.000000] Using ACPI (MADT) for SMP configuration information
[    0.000000] smpboot: Allowing 2 CPUs, 0 hotplug CPUs
[    0.000000] PM: Registered nosave memory: [mem 0x00000000-0x00000fff]
[    0.000000] PM: Registered nosave memory: [mem 0x0009f000-0x0009ffff]
[    0.000000] PM: Registered nosave memory: [mem 0x000a0000-0x000effff]
[    0.000000] PM: Registered nosave memory: [mem 0x000f0000-0x000fffff]
[    0.000000] e820: [mem 0x40000000-0xfebfffff] available for PCI devices
[    0.000000] Booting paravirtualized kernel on KVM
[    0.000000] clocksource: refined-jiffies: mask: 0xffffffff max_cycles: 0xffffffff, max_idle_ns: 7645519600211568 ns
[    0.000000] setup_percpu: NR_CPUS:8192 nr_cpumask_bits:2 nr_cpu_ids:2 nr_node_ids:1
[    0.000000] percpu: Embedded 50 pages/cpu s167936 r8192 d28672 u1048576
[    0.000000] PV qspinlock hash table entries: 256 (order: 0, 4096 bytes)
[    0.000000] Built 1 zonelists, mobility grouping on.  Total pages: 257913
[    0.000000] Policy zone: DMA32
[    0.000000] Kernel command line: BOOT_IMAGE=/boot/vmlinuz-4.15.0-212-generic root=LABEL=cloudimg-rootfs ro console=tty1 console=ttyS0
[    0.000000] Memory: 982644K/1048120K available (12300K kernel code, 2477K rwdata, 4324K rodata, 2480K init, 2720K bss, 65476K reserved, 0K cma-reserved)
[    0.000000] SLUB: HWalign=64, Order=0-3, MinObjects=0, CPUs=2, Nodes=1
[    0.000000] Kernel/User page tables isolation: enabled
[    0.000000] ftrace: allocating 39508 entries in 155 pages
[    0.004000] Hierarchical RCU implementation.
[    0.004000] 	RCU restricting CPUs from NR_CPUS=8192 to nr_cpu_ids=2.
[    0.004000] 	Tasks RCU enabled.
[    0.004000] RCU: Adjusting geometry for rcu_fanout_leaf=16, nr_cpu_ids=2
[    0.004000] NR_IRQS: 524544, nr_irqs: 440, preallocated irqs: 16
[    0.004000] random: crng init done
[    0.004000] Console: colour VGA+ 80x25
[    0.004000] console [tty1] enabled
[    0.004000] console [ttyS0] enabled
[    0.004000] ACPI: Core revision 20170831
[    0.004000] ACPI: 2 ACPI AML tables successfully acquired and loaded
[    0.004000] APIC: Switch to symmetric I/O mode setup
[    0.004000] ..TIMER: vector=0x30 apic1=0 pin1=2 apic2=-1 pin2=-1
[    0.004015] tsc: Detected 2494.226 MHz processor
[    0.008024] Calibrating delay loop (skipped) preset value.. 4988.45 BogoMIPS (lpj=9976904)
[    0.012013] pid_max: default: 32768 minimum: 301
[    0.016205] Security Framework initialized
[    0.020011] Yama: becoming mindful.
[    0.024196] AppArmor: AppArmor initialized
[    0.040349] Dentry cache hash table entries: 131072 (order: 8, 1048576 bytes)
[    0.052389] Inode-cache hash table entries: 65536 (order: 7, 524288 bytes)
[    0.056174] Mount-cache hash table entries: 2048 (order: 2, 16384 bytes)
[    0.060145] Mountpoint-cache hash table entries: 2048 (order: 2, 16384 bytes)
[    0.069764] Last level iTLB entries: 4KB 1024, 2MB 1024, 4MB 1024
[    0.076008] Last level dTLB entries: 4KB 1024, 2MB 1024, 4MB 1024, 1GB 4
[    0.080011] Spectre V1 : Mitigation: usercopy/swapgs barriers and __user pointer sanitization
[    0.084021] Spectre V2 : Mitigation: Retpolines
[    0.088008] Spectre V2 : Spectre v2 / SpectreRSB mitigation: Filling RSB on context switch
[    0.092009] Spectre V2 : Spectre v2 / SpectreRSB : Filling RSB on VMEXIT
[    0.096009] Speculative Store Bypass: Vulnerable
[    0.100124] MDS: Mitigation: Clear CPU buffers
[    0.104006] MMIO Stale Data: Unknown: No mitigations
[    0.108010] SRBDS: Unknown: Dependent on hypervisor status
[    0.112322] Freeing SMP alternatives memory: 36K
[    0.240237] APIC calibration not consistent with PM-Timer: 108ms instead of 100ms
[    0.244000] APIC delta adjusted to PM-Timer: 6413182 (6953141)
[    0.244954] smpboot: CPU0: Intel(R) Core(TM) i5-4300U CPU @ 1.90GHz (family: 0x6, model: 0x45, stepping: 0x1)
[    0.248904] Performance Events: unsupported p6 CPU model 69 no PMU driver, software events only.
[    0.252305] Hierarchical SRCU implementation.
[    0.257605] NMI watchdog: Perf event create on CPU 0 failed with -2
[    0.264160] NMI watchdog: Perf NMI watchdog permanently disabled
[    0.268897] smp: Bringing up secondary CPUs ...
[    0.277474] x86: Booting SMP configuration:
[    0.280015] .... node  #0, CPUs:      #1
[    0.004000] kvm-clock: cpu 1, msr 0:3ff44041, secondary cpu clock
[    0.306199] TSC synchronization [CPU#0 -> CPU#1]:
[    0.308000] Measured 158680 cycles TSC warp between CPUs, turning off TSC clock.
[    0.308000] tsc: Marking TSC unstable due to check_tsc_sync_source failed
[    0.316690] smp: Brought up 1 node, 2 CPUs
[    0.320020] smpboot: Max logical packages: 1
[    0.324012] smpboot: Total of 2 processors activated (9976.90 BogoMIPS)
[    0.332007] devtmpfs: initialized
[    0.336263] x86/mm: Memory block size: 128MB
[    0.340933] evm: security.selinux
[    0.344015] evm: security.SMACK64
[    0.348006] evm: security.SMACK64EXEC
[    0.352006] evm: security.SMACK64TRANSMUTE
[    0.356006] evm: security.SMACK64MMAP
[    0.360005] evm: security.apparmor
[    0.364005] evm: security.ima
[    0.368038] evm: security.capability
[    0.380758] clocksource: jiffies: mask: 0xffffffff max_cycles: 0xffffffff, max_idle_ns: 7645041785100000 ns
[    0.384030] futex hash table entries: 512 (order: 3, 32768 bytes)
[    0.388536] pinctrl core: initialized pinctrl subsystem
[    0.396009] RTC time: 14:33:45, date: 10/19/24
[    0.405702] NET: Registered protocol family 16
[    0.408265] audit: initializing netlink subsys (disabled)
[    0.412517] audit: type=2000 audit(1729348431.087:1): state=initialized audit_enabled=0 res=1
[    0.444022] cpuidle: using governor ladder
[    0.448270] cpuidle: using governor menu
[    0.452188] ACPI: bus type PCI registered
[    0.456011] acpiphp: ACPI Hot Plug PCI Controller Driver version: 0.5
[    0.461676] PCI: Using configuration type 1 for base access
[    0.476599] HugeTLB registered 2.00 MiB page size, pre-allocated 0 pages
[    0.485158] ACPI: Added _OSI(Module Device)
[    0.488043] ACPI: Added _OSI(Processor Device)
[    0.492011] ACPI: Added _OSI(3.0 _SCP Extensions)
[    0.500010] ACPI: Added _OSI(Processor Aggregator Device)
[    0.504016] ACPI: Added _OSI(Linux-Dell-Video)
[    0.508226] ACPI: Added _OSI(Linux-Lenovo-NV-HDMI-Audio)
[    0.512009] ACPI: Added _OSI(Linux-HPI-Hybrid-Graphics)
[    0.520281] ACPI: Executed 1 blocks of module-level executable AML code
[    0.534481] ACPI: Interpreter enabled
[    0.536029] ACPI: (supports S0 S5)
[    0.540008] ACPI: Using IOAPIC for interrupt routing
[    0.545269] PCI: Using host bridge windows from ACPI; if necessary, use "pci=nocrs" and report a bug
[    0.548556] ACPI: Enabled 2 GPEs in block 00 to 07
[    0.572000] ACPI: PCI Root Bridge [PCI0] (domain 0000 [bus 00-ff])
[    0.572000] acpi PNP0A03:00: _OSC: OS supports [ASPM ClockPM Segments MSI]
[    0.578111] acpi PNP0A03:00: _OSC: not requesting OS control; OS requires [ExtendedConfig ASPM ClockPM MSI]
[    0.580036] acpi PNP0A03:00: fail to add MMCONFIG information, can't access extended PCI configuration space under this bridge.
[    0.588251] PCI host bridge to bus 0000:00
[    0.592014] pci_bus 0000:00: root bus resource [io  0x0000-0x0cf7 window]
[    0.596017] pci_bus 0000:00: root bus resource [io  0x0d00-0xffff window]
[    0.600016] pci_bus 0000:00: root bus resource [mem 0x000a0000-0x000bffff window]
[    0.604019] pci_bus 0000:00: root bus resource [mem 0x40000000-0xfdffffff window]
[    0.608014] pci_bus 0000:00: root bus resource [bus 00-ff]
[    0.630716] pci 0000:00:01.1: legacy IDE quirk: reg 0x10: [io  0x01f0-0x01f7]
[    0.632010] pci 0000:00:01.1: legacy IDE quirk: reg 0x14: [io  0x03f6]
[    0.636013] pci 0000:00:01.1: legacy IDE quirk: reg 0x18: [io  0x0170-0x0177]
[    0.644012] pci 0000:00:01.1: legacy IDE quirk: reg 0x1c: [io  0x0376]
[    0.693734] pci 0000:00:07.0: quirk: [io  0x4000-0x403f] claimed by PIIX4 ACPI
[    0.696086] pci 0000:00:07.0: quirk: [io  0x4100-0x410f] claimed by PIIX4 SMB
[    0.720460] ACPI: PCI Interrupt Link [LNKA] (IRQs 5 9 10 *11)
[    0.725238] ACPI: PCI Interrupt Link [LNKB] (IRQs 5 9 *10 11)
[    0.728457] ACPI: PCI Interrupt Link [LNKC] (IRQs 5 *9 10 11)
[    0.732467] ACPI: PCI Interrupt Link [LNKD] (IRQs 5 9 10 *11)
[    0.740462] SCSI subsystem initialized
[    0.748262] pci 0000:00:02.0: vgaarb: setting as boot VGA device
[    0.752000] pci 0000:00:02.0: vgaarb: VGA device added: decodes=io+mem,owns=io+mem,locks=none
[    0.752011] pci 0000:00:02.0: vgaarb: bridge control possible
[    0.756006] vgaarb: loaded
[    0.760159] ACPI: bus type USB registered
[    0.764041] usbcore: registered new interface driver usbfs
[    0.768064] usbcore: registered new interface driver hub
[    0.772024] usbcore: registered new device driver usb
[    0.776473] EDAC MC: Ver: 3.0.0
[    0.788088] PCI: Using ACPI for IRQ routing
[    0.796362] NetLabel: Initializing
[    0.800008] NetLabel:  domain hash size = 128
[    0.804006] NetLabel:  protocols = UNLABELED CIPSOv4 CALIPSO
[    0.808037] NetLabel:  unlabeled traffic allowed by default
[    0.812405] clocksource: Switched to clocksource kvm-clock
[    0.855450] VFS: Disk quotas dquot_6.6.0
[    0.855450] VFS: Dquot-cache hash table entries: 512 (order 0, 4096 bytes)
[    0.855450] AppArmor: AppArmor Filesystem Enabled
[    0.855450] pnp: PnP ACPI init
[    0.855450] pnp: PnP ACPI: found 3 devices
[    1.037067] clocksource: acpi_pm: mask: 0xffffff max_cycles: 0xffffff, max_idle_ns: 2085701024 ns
[    1.040921] NET: Registered protocol family 2
[    1.040921] IP idents hash table entries: 16384 (order: 5, 131072 bytes)
[    1.080577] TCP established hash table entries: 8192 (order: 4, 65536 bytes)
[    1.098967] TCP bind hash table entries: 8192 (order: 5, 131072 bytes)
[    1.115850] TCP: Hash tables configured (established 8192 bind 8192)
[    1.132853] UDP hash table entries: 512 (order: 2, 16384 bytes)
[    1.135309] UDP-Lite hash table entries: 512 (order: 2, 16384 bytes)
[    1.135309] NET: Registered protocol family 1
[    1.135309] pci 0000:00:00.0: Limiting direct PCI/PCI transfers
[    1.135309] pci 0000:00:01.0: Activating ISA DMA hang workarounds
[    1.135309] pci 0000:00:02.0: Video device with shadowed ROM at [mem 0x000c0000-0x000dffff]
[    1.135309] Unpacking initramfs...
[    2.328990] Freeing initrd memory: 19528K
[    2.341898] clocksource: tsc: mask: 0xffffffffffffffff max_cycles: 0x23f3eb3743e, max_idle_ns: 440795257847 ns
[    2.365729] platform rtc_cmos: registered platform RTC device (no PNP device found)
[    2.385332] Scanning for low memory corruption every 60 seconds
[    2.406092] Initialise system trusted keyrings
[    2.418687] Key type blacklist registered
[    2.435487] workingset: timestamp_bits=36 max_order=18 bucket_order=0
[    2.458982] zbud: loaded
[    2.470524] squashfs: version 4.0 (2009/01/31) Phillip Lougher
[    2.487522] fuse init (API version 7.26)
[    2.582103] Key type asymmetric registered
[    2.592986] Asymmetric key parser 'x509' registered
[    2.606036] Block layer SCSI generic (bsg) driver version 0.4 loaded (major 246)
[    2.635596] io scheduler noop registered
[    2.648579] io scheduler deadline registered
[    2.662195] io scheduler cfq registered (default)
[    2.678496] ACPI: AC Adapter [AC] (off-line)
[    2.692051] input: Power Button as /devices/LNXSYSTM:00/LNXPWRBN:00/input/input0
[    2.714836] ACPI: Power Button [PWRF]
[    2.733248] input: Sleep Button as /devices/LNXSYSTM:00/LNXSLPBN:00/input/input1
[    2.755522] ACPI: Sleep Button [SLPF]
[    2.775704] Serial: 8250/16550 driver, 32 ports, IRQ sharing enabled
[    2.785960] ACPI: Battery Slot [BAT0] (battery present)
[    2.842004] 00:02: ttyS0 at I/O 0x3f8 (irq = 4, base_baud = 115200) is a 16550A
[    2.902422] Linux agpgart interface v0.103
[    2.930803] loop: module loaded
[    2.943603] scsi host0: ata_piix
[    2.951575] scsi host1: ata_piix
[    2.955493] ata1: PATA max UDMA/33 cmd 0x1f0 ctl 0x3f6 bmdma 0xd000 irq 14
[    2.955493] ata2: PATA max UDMA/33 cmd 0x170 ctl 0x376 bmdma 0xd008 irq 15
[    2.984373] tun: Universal TUN/TAP device driver, 1.6
[    2.997164] PPP generic driver version 2.4.2
[    3.007841] ehci_hcd: USB 2.0 'Enhanced' Host Controller (EHCI) Driver
[    3.020568] ehci-pci: EHCI PCI platform driver
[    3.030441] ehci-platform: EHCI generic platform driver
[    3.040988] ohci_hcd: USB 1.1 'Open' Host Controller (OHCI) Driver
[    3.053258] ohci-pci: OHCI PCI platform driver
[    3.062288] ohci-platform: OHCI generic platform driver
[    3.072352] uhci_hcd: USB Universal Host Controller Interface driver
[    3.084301] i8042: PNP: PS/2 Controller [PNP0303:PS2K,PNP0f03:PS2M] at 0x60,0x64 irq 1,12
[    3.104679] serio: i8042 KBD port at 0x60,0x64 irq 1
[    3.115609] serio: i8042 AUX port at 0x60,0x64 irq 12
[    3.127222] mousedev: PS/2 mouse device common for all mice
[    3.145834] rtc_cmos rtc_cmos: rtc core: registered rtc_cmos as rtc0
[    3.162055] rtc_cmos rtc_cmos: alarms up to one day, 114 bytes nvram
[    3.178990] i2c /dev entries driver
[    3.187473] device-mapper: uevent: version 1.0.3
[    3.198751] device-mapper: ioctl: 4.37.0-ioctl (2017-09-20) initialised: dm-devel@redhat.com
[    3.270572] ledtrig-cpu: registered to indicate activity on CPUs
[    3.294896] input: AT Translated Set 2 keyboard as /devices/platform/i8042/serio0/input/input2
[    3.299134] NET: Registered protocol family 10
[    3.358961] Segment Routing with IPv6
[    3.370428] NET: Registered protocol family 17
[    3.382941] Key type dns_resolver registered
[    3.395736] mce: Using 0 MCE banks
[    3.405508] RAS: Correctable Errors collector initialized.
[    3.419204] sched_clock: Marking stable (3418988586, 0)->(5919349850, -2500361264)
[    3.443805] registered taskstats version 1
[    3.454501] Loading compiled-in X.509 certificates
[    3.477153] Loaded X.509 cert 'Build time autogenerated kernel key: b5b26778eaa3ab3a4a6cee031137706e947d12ad'
[    3.503515] Loaded X.509 cert 'Canonical Ltd. Live Patch Signing: 14df34d1a87cf37625abec039ef2bf521249b969'
[    3.527637] Loaded X.509 cert 'Canonical Ltd. Kernel Module Signing: 88f752e560a1e0737e31163a466ad7b70a850c19'
[    3.552147] blacklist: Loading compiled-in revocation X.509 certificates
[    3.570545] Loaded X.509 cert 'Canonical Ltd. Secure Boot Signing: 61482aa2830d0ab2ad5af10b7250da9033ddcef0'
[    3.597459] Loaded X.509 cert 'Canonical Ltd. Secure Boot Signing (2017): 242ade75ac4a15e50d50c84b0d45ff3eae707a03'
[    3.625098] Loaded X.509 cert 'Canonical Ltd. Secure Boot Signing (ESM 2018): 365188c1d374d6b07c3c8f240f8ef722433d6a8b'
[    3.652368] Loaded X.509 cert 'Canonical Ltd. Secure Boot Signing (2019): c0746fd6c5da3ae827864651ad66ae47fe24b3e8'
[    3.679679] Loaded X.509 cert 'Canonical Ltd. Secure Boot Signing (2021 v1): a8d54bbb3825cfb94fa13c9f8a594a195c107b8d'
[    3.714728] Loaded X.509 cert 'Canonical Ltd. Secure Boot Signing (2021 v2): 4cf046892d6fd3c9a5b03f98d845f90851dc6a8c'
[    3.742542] Loaded X.509 cert 'Canonical Ltd. Secure Boot Signing (2021 v3): 100437bb6de6e469b581e61cd66bce3ef4ed53af'
[    3.769774] Loaded X.509 cert 'Canonical Ltd. Secure Boot Signing (Ubuntu Core 2019): c1d57b8f6b743f23ee41f4f7ee292f06eecadfb9'
[    3.798455] zswap: loaded using pool lzo/zbud
[    3.846243] Key type big_key registered
[    3.857562] Key type trusted registered
[    3.878890] Key type encrypted registered
[    3.889742] AppArmor: AppArmor sha1 policy hashing enabled
[    3.905042] ima: No TPM chip found, activating TPM-bypass! (rc=-19)
[    3.920771] ima: Allocated hash algorithm: sha1
[    3.935349] evm: HMAC attrs: 0x1
[    3.950482]   Magic number: 12:965:586
[    3.963963] rtc_cmos rtc_cmos: setting system clock to 2024-10-19 14:33:49 UTC (1729348429)
[    3.988997] BIOS EDD facility v0.16 2004-Jun-25, 0 devices found
[    4.004709] EDD information not available.
[    4.021064] Freeing unused kernel image memory: 2480K
[    4.052783] Write protecting the kernel read-only data: 20480k
[    4.066617] Freeing unused kernel image memory: 2008K
[    4.079573] Freeing unused kernel image memory: 1820K
[    4.100789] x86/mm: Checked W+X mappings: passed, no W+X pages found.
[    4.113913] x86/mm: Checking user space page tables
[    4.134231] x86/mm: Checked W+X mappings: passed, no W+X pages found.
Loading, please wait...
starting version 237
[    4.439363] e1000: Intel(R) PRO/1000 Network Driver - version 7.3.21-k8-NAPI
[    4.453902] e1000: Copyright (c) 1999-2006 Intel Corporation.
[    4.513718] Fusion MPT base driver 3.04.20
[    4.524276] Copyright (c) 1999-2008 LSI Corporation
[    4.583744] SSE version of gcm_enc/dec engaged.
[    4.616871] Fusion MPT SPI Host driver 3.04.20
[    4.810199] input: ImExPS/2 Generic Explorer Mouse as /devices/platform/i8042/serio1/input/input4
[    5.862275] e1000 0000:00:03.0 eth0: (PCI:33MHz:32-bit) 02:3b:7b:b7:3b:2d
[    5.874989] e1000 0000:00:03.0 eth0: Intel(R) PRO/1000 Network Connection
[    5.893797] e1000 0000:00:03.0 enp0s3: renamed from eth0
[    5.906177] mptbase: ioc0: Initiating bringup
[    6.047013] ioc0: LSI53C1030 A0: Capabilities={Initiator}
[    6.467850] scsi host2: ioc0: LSI53C1030 A0, FwRev=00000000h, Ports=1, MaxQ=256, IRQ=20
[    7.251792] scsi 2:0:0:0: Direct-Access     VBOX     HARDDISK         1.0  PQ: 0 ANSI: 5
[    7.336683] scsi target2:0:0: Beginning Domain Validation
[    7.415277] scsi target2:0:0: Domain Validation skipping write tests
[    7.432577] scsi target2:0:0: Ending Domain Validation
[    7.447467] scsi target2:0:0: asynchronous
[    7.468174] scsi 2:0:1:0: Direct-Access     VBOX     HARDDISK         1.0  PQ: 0 ANSI: 5
[    7.532630] scsi target2:0:1: Beginning Domain Validation
[    7.573524] scsi target2:0:1: Domain Validation skipping write tests
[    7.588971] scsi target2:0:1: Ending Domain Validation
[    7.602115] scsi target2:0:1: asynchronous
[    7.640999] sd 2:0:0:0: Attached scsi generic sg0 type 0
[    7.653114] sd 2:0:1:0: Attached scsi generic sg1 type 0
[    7.655242] sd 2:0:1:0: [sdb] 20480 512-byte logical blocks: (10.5 MB/10.0 MiB)
[    7.681378] sd 2:0:1:0: [sdb] Write Protect is off
[    7.681560] sd 2:0:0:0: [sda] 83886080 512-byte logical blocks: (42.9 GB/40.0 GiB)
[    7.709426] sd 2:0:0:0: [sda] Write Protect is off
[    7.709735] sd 2:0:1:0: [sdb] Incomplete mode parameter data
[    7.732771] sd 2:0:1:0: [sdb] Assuming drive cache: write through
[    7.747422] sd 2:0:0:0: [sda] Incomplete mode parameter data
[    7.759422] sd 2:0:0:0: [sda] Assuming drive cache: write through
[    7.783971]  sda: sda1
[    7.790143] sd 2:0:1:0: [sdb] Attached SCSI disk
[    7.807025] sd 2:0:0:0: [sda] Attached SCSI disk
Begin: Loading essential drivers ... 